<?xml version="1.0" encoding="UTF-8"?>
<!-- Generated by org.testng.reporters.JUnitXMLReporter -->
<testsuite hostname="LAPTOP-EB6HRGT6" ignored="1" name="Car Loan" tests="3" failures="1" timestamp="2021-10-27T13:37:02 IST" time="0.021" errors="0">
  <testcase name="failTestCase" time="0.002" classname="test.Fourth">
    <failure type="java.lang.AssertionError" message="expected [true] but found [false]">
      <![CDATA[java.lang.AssertionError: expected [true] but found [false]
at test.Fourth.failTestCase(Fourth.java:40)
at java.util.ArrayList.forEach(ArrayList.java:1257)
... Removed 31 stack frames]]>
    </failure>
  </testcase> <!-- failTestCase -->
  <testcase name="laptopLoginCarLoan" time="0.001" classname="test.Fourth"/>
  <testcase name="mobileLoginCarLoan" time="0.001" classname="test.Fourth"/>
  <testcase name="tabLoginCarLoan" time="0.0" classname="test.Fourth">
    <ignored/>
  </testcase> <!-- tabLoginCarLoan -->
</testsuite> <!-- Car Loan -->
