<?xml version="1.0" encoding="UTF-8"?>
<!-- Generated by org.testng.reporters.JUnitXMLReporter -->
<testsuite hostname="LAPTOP-EB6HRGT6" ignored="4" name="Home Loan" tests="1" failures="0" timestamp="2021-10-27T13:37:02 IST" time="0.004" errors="0">
  <testcase name="laptopLoan" time="0.001" classname="test.Third"/>
  <testcase name="LoginHomeLoanlaptop" time="0.0" classname="test.Third">
    <ignored/>
  </testcase> <!-- LoginHomeLoanlaptop -->
  <testcase name="homeLoan" time="0.0" classname="test.Third">
    <ignored/>
  </testcase> <!-- homeLoan -->
  <testcase name="LoginHomeLoantab" time="0.0" classname="test.Third">
    <ignored/>
  </testcase> <!-- LoginHomeLoantab -->
  <testcase name="LoginHomeLoanmobile" time="0.0" classname="test.Third">
    <ignored/>
  </testcase> <!-- LoginHomeLoanmobile -->
</testsuite> <!-- Home Loan -->
