<?xml version="1.0" encoding="UTF-8"?>
<!-- Generated by org.testng.reporters.JUnitXMLReporter -->
<testsuite hostname="LAPTOP-EB6HRGT6" ignored="0" name="Personal Loan" tests="4" failures="0" timestamp="2021-10-27T13:37:02 IST" time="0.045" errors="0">
  <testcase name="Hello" time="0.004" classname="test.First"/>
  <testcase name="setUp" time="0.001" classname="test.First"/>
  <testcase name="Good" time="0.001" classname="test.Second"/>
  <testcase name="SetUp" time="0.001" classname="test.Second"/>
</testsuite> <!-- Personal Loan -->
