<?xml version="1.0" encoding="UTF-8"?>
<!-- Generated by org.testng.reporters.JUnitXMLReporter -->
<testsuite hostname="LAPTOP-EB6HRGT6" ignored="1" name="Default test" tests="6" failures="0" timestamp="2021-10-27T10:48:46 IST" time="0.074" errors="0">
  <testcase name="LoginHomeLoanmobile" time="0.007" classname="test.Third"/>
  <testcase name="LoginHomeLoanmobile" time="0.001" classname="test.Third"/>
  <testcase name="LoginHomeLoanmobile" time="0.002" classname="test.Third"/>
  <testcase name="LoginHomeLoantab" time="0.006" classname="test.Third"/>
  <testcase name="laptopLoan" time="0.001" classname="test.Third"/>
  <testcase name="LoginHomeLoanlaptop" time="0.003" classname="test.Third"/>
  <testcase name="homeLoan" time="0.0" classname="test.Third">
    <ignored/>
  </testcase> <!-- homeLoan -->
</testsuite> <!-- Default test -->
